1618581023069	mozrunner::runner	INFO	Running command: "D:\\Program Files\\firefox\\firefox.exe" "-marionette" "-foreground" "-no-remote" "-profile" "C:\\Users\\Mr.Lee\\AppData\\Local\\Temp\\rust_mozprofileTXLxAp"
JavaScript error: resource://gre/modules/XULStore.jsm, line 66: Error: Can't find profile directory.
console.warn: SearchSettings: "get: No settings file exists, new profile?" (new Error("", "(unknown module)"))
1618581028669	Marionette	INFO	Listening on port 5672
1618581028843	Marionette	WARN	TLS certificate errors will be ignored for this session
1618581030508	Marionette	INFO	Stopped listening on port 5672
JavaScript error: resource://activity-stream/lib/ASRouter.jsm, line 988: NS_ERROR_ILLEGAL_VALUE: Component returned failure code: 0x80070057 (NS_ERROR_ILLEGAL_VALUE) [nsIObserverService.removeObserver]
console.error: services.settings: 
  main/partitioning-exempt-urls Signature failed  TypeError: NetworkError when attempting to fetch resource.
console.error: Region.jsm: "Error fetching region" (new TypeError("NetworkError when attempting to fetch resource.", ""))
console.error: Region.jsm: "Failed to fetch region" (new Error("NO_RESULT", "resource://gre/modules/Region.jsm", 422))

###!!! [Child][RunMessage] Error: Channel closing: too late to send/recv, messages will be lost

1618581284927	mozrunner::runner	INFO	Running command: "D:\\Program Files\\firefox\\firefox.exe" "-marionette" "-foreground" "-no-remote" "-profile" "C:\\Users\\Mr.Lee\\AppData\\Local\\Temp\\rust_mozprofileCv77xi"
JavaScript error: resource://gre/modules/XULStore.jsm, line 66: Error: Can't find profile directory.
console.warn: SearchSettings: "get: No settings file exists, new profile?" (new Error("", "(unknown module)"))
1618581289187	Marionette	INFO	Listening on port 20266
1618581289686	Marionette	WARN	TLS certificate errors will be ignored for this session
1618581292115	Marionette	INFO	Stopped listening on port 20266
JavaScript error: resource://activity-stream/lib/ASRouter.jsm, line 988: NS_ERROR_ILLEGAL_VALUE: Component returned failure code: 0x80070057 (NS_ERROR_ILLEGAL_VALUE) [nsIObserverService.removeObserver]
console.error: services.settings: 
  main/fxmonitor-breaches Signature failed  TypeError: NetworkError when attempting to fetch resource.
console.error: services.settings: 
  main/message-groups Signature failed  TypeError: NetworkError when attempting to fetch resource.
console.error: services.settings: 
  main/partitioning-exempt-urls Signature failed  TypeError: NetworkError when attempting to fetch resource.

###!!! [Child][RunMessage] Error: Channel closing: too late to send/recv, messages will be lost

1618581805460	mozrunner::runner	INFO	Running command: "D:\\Program Files\\firefox\\firefox.exe" "-marionette" "-foreground" "-no-remote" "-profile" "C:\\Users\\Mr.Lee\\AppData\\Local\\Temp\\rust_mozprofile626thf"
JavaScript error: resource://gre/modules/XULStore.jsm, line 66: Error: Can't find profile directory.
console.warn: SearchSettings: "get: No settings file exists, new profile?" (new Error("", "(unknown module)"))
1618581810835	Marionette	INFO	Listening on port 1096
1618581811250	Marionette	WARN	TLS certificate errors will be ignored for this session
console.error: Region.jsm: "Error fetching region" (new Error("TIMEOUT", "resource://gre/modules/Region.jsm", 775))
console.error: Region.jsm: "Failed to fetch region" (new Error("TIMEOUT", "resource://gre/modules/Region.jsm", 422))
1618581916247	Marionette	INFO	Stopped listening on port 1096

###!!! [Child][RunMessage] Error: Channel closing: too late to send/recv, messages will be lost

1618582188745	mozrunner::runner	INFO	Running command: "D:\\Program Files\\firefox\\firefox.exe" "-marionette" "-foreground" "-no-remote" "-profile" "C:\\Users\\Mr.Lee\\AppData\\Local\\Temp\\rust_mozprofileRr6bE9"
JavaScript error: resource://gre/modules/XULStore.jsm, line 66: Error: Can't find profile directory.
console.warn: SearchSettings: "get: No settings file exists, new profile?" (new Error("", "(unknown module)"))
JavaScript error: chrome://browser/content/places/browserPlacesViews.js, line 131: Error: No DOM node set for aPlacesNode.
node.type: 0. node.parent: [xpconnect wrapped nsINavHistoryResultNode]
1618582193099	Marionette	INFO	Listening on port 1042
1618582193499	Marionette	WARN	TLS certificate errors will be ignored for this session
1618582198073	Marionette	INFO	Stopped listening on port 1042

###!!! [Child][RunMessage] Error: Channel closing: too late to send/recv, messages will be lost

1618582337358	mozrunner::runner	INFO	Running command: "D:\\Program Files\\firefox\\firefox.exe" "-marionette" "-foreground" "-no-remote" "-profile" "C:\\Users\\Mr.Lee\\AppData\\Local\\Temp\\rust_mozprofileN4ajc2"
JavaScript error: resource://gre/modules/XULStore.jsm, line 66: Error: Can't find profile directory.
console.warn: SearchSettings: "get: No settings file exists, new profile?" (new Error("", "(unknown module)"))
1618582341973	Marionette	INFO	Listening on port 1178
1618582342106	Marionette	WARN	TLS certificate errors will be ignored for this session
1618582348544	Marionette	INFO	Stopped listening on port 1178

###!!! [Child][RunMessage] Error: Channel closing: too late to send/recv, messages will be lost

1618582384023	mozrunner::runner	INFO	Running command: "D:\\Program Files\\firefox\\firefox.exe" "-marionette" "-foreground" "-no-remote" "-profile" "C:\\Users\\Mr.Lee\\AppData\\Local\\Temp\\rust_mozprofile47hmBp"
JavaScript error: resource://gre/modules/XULStore.jsm, line 66: Error: Can't find profile directory.
console.warn: SearchSettings: "get: No settings file exists, new profile?" (new Error("", "(unknown module)"))
1618582388345	Marionette	INFO	Listening on port 1274
1618582388768	Marionette	WARN	TLS certificate errors will be ignored for this session
1618582668991	mozrunner::runner	INFO	Running command: "D:\\Program Files\\firefox\\firefox.exe" "-marionette" "-foreground" "-no-remote" "-profile" "C:\\Users\\Mr.Lee\\AppData\\Local\\Temp\\rust_mozprofileoIfcU0"
JavaScript error: resource://gre/modules/XULStore.jsm, line 66: Error: Can't find profile directory.
console.warn: SearchSettings: "get: No settings file exists, new profile?" (new Error("", "(unknown module)"))
JavaScript error: chrome://browser/content/places/browserPlacesViews.js, line 131: Error: No DOM node set for aPlacesNode.
node.type: 0. node.parent: [xpconnect wrapped nsINavHistoryResultNode]
1618582673402	Marionette	INFO	Listening on port 1435
1618582673744	Marionette	WARN	TLS certificate errors will be ignored for this session
1618582764078	Marionette	INFO	Stopped listening on port 1435

###!!! [Child][RunMessage] Error: Channel closing: too late to send/recv, messages will be lost

1618582833648	mozrunner::runner	INFO	Running command: "D:\\Program Files\\firefox\\firefox.exe" "-marionette" "-foreground" "-no-remote" "-profile" "C:\\Users\\Mr.Lee\\AppData\\Local\\Temp\\rust_mozprofilehb2lO1"
console.warn: SearchSettings: "get: No settings file exists, new profile?" (new Error("", "(unknown module)"))
JavaScript error: resource://gre/modules/XULStore.jsm, line 66: Error: Can't find profile directory.
1618582838214	Marionette	INFO	Listening on port 1087
1618582838406	Marionette	WARN	TLS certificate errors will be ignored for this session
JavaScript error: resource://gre/modules/XULStore.jsm, line 66: Error: Can't find profile directory.
JavaScript error: resource://gre/modules/XULStore.jsm, line 66: Error: Can't find profile directory.
JavaScript error: resource://gre/modules/XULStore.jsm, line 66: Error: Can't find profile directory.
console.log: WebExtensions: reset-default-search: No addons in our list are installed.
1618587571516	Marionette	INFO	Stopped listening on port 1087

###!!! [Child][RunMessage] Error: Channel closing: too late to send/recv, messages will be lost

Lee\\AppData\\Local\\Temp\\rust_mozprofileIr5tat"
JavaScript error: resource://gre/modules/XULStore.jsm, line 66: Error: Can't find profile directory.
console.warn: SearchSettings: "get: No settings file exists, new profile?" (new Error("", "(unknown module)"))
1618586821570	Marionette	INFO	Listening on port 21481
1618586821998	Marionette	WARN	TLS certificate errors will be ignored for this session
console.log: WebExtensions: reset-default-search: No addons in our list are installed.
1618587569876	Marionette	INFO	Stopped listening on port 21481

###!!! [Child][RunMessage] Error: Channel closing: too late to send/recv, messages will be lost

ee\\AppData\\Local\\Temp\\rust_mozprofileO2nx1A"
JavaScript error: resource://gre/modules/XULStore.jsm, line 66: Error: Can't find profile directory.
console.warn: SearchSettings: "get: No settings file exists, new profile?" (new Error("", "(unknown module)"))
1618587549365	Marionette	INFO	Listening on port 21699
1618587549593	Marionette	WARN	TLS certificate errors will be ignored for this session
JavaScript error: resource://devtools/client/jsonview/Sniffer.jsm, line 56: NS_ERROR_NOT_AVAILABLE: Component returned failure code: 0x80040111 (NS_ERROR_NOT_AVAILABLE) [nsIChannel.contentType]
JavaScript error: resource://activity-stream/lib/ASRouter.jsm, line 988: NS_ERROR_ILLEGAL_VALUE: Component returned failure code: 0x80070057 (NS_ERROR_ILLEGAL_VALUE) [nsIObserverService.removeObserver]
console.error: services.settings: 
  main/fxmonitor-breaches Signature failed  TypeError: NetworkError when attempting to fetch resource.
console.error: services.settings: 
  main/message-groups Signature failed  TypeError: NetworkError when attempting to fetch resource.
console.error: services.settings: 
  main/partitioning-exempt-urls Signature failed  TypeError: NetworkError when attempting to fetch resource.
1618587551250	Marionette	INFO	Stopped listening on port 21699

###!!! [Child][RunMessage] Error: Channel closing: too late to send/recv, messages will be lost

1618587566310	mozrunner::runner	INFO	Running command: "D:\\Program Files\\firefox\\firefox.exe" "-marionette" "-foreground" "-no-remote" "-profile" "C:\\Users\\Mr.Lee\\AppData\\Local\\Temp\\rust_mozprofileTyE6gk"
JavaScript error: resource://gre/modules/XULStore.jsm, line 66: Error: Can't find profile directory.
console.warn: SearchSettings: "get: No settings file exists, new profile?" (new Error("", "(unknown module)"))
1618587571872	Marionette	INFO	Listening on port 21776
1618587572068	Marionette	WARN	TLS certificate errors will be ignored for this session
JavaScript error: resource://activity-stream/lib/ASRouter.jsm, line 988: NS_ERROR_ILLEGAL_VALUE: Component returned failure code: 0x80070057 (NS_ERROR_ILLEGAL_VALUE) [nsIObserverService.removeObserver]
[Child 17568, IPC I/O Child] WARNING: pipe error: 232: file /builds/worker/checkouts/gecko/ipc/chromium/src/chrome/common/ipc_channel_win.cc:545
console.warn: services.settings: main/partitioning-exempt-urls sync interrupted by shutdown
console.error: services.settings: 
  main/fxmonitor-breaches Signature failed  TypeError: NetworkError when attempting to fetch resource.
console.error: services.settings: 
  main/message-groups Signature failed  TypeError: NetworkError when attempting to fetch resource.
1618587573059	Marionette	INFO	Stopped listening on port 21776

###!!! [Child][RunMessage] Error: Channel closing: too late to send/recv, messages will be lost

1618587656756	mozrunner::runner	INFO	Running command: "D:\\Program Files\\firefox\\firefox.exe" "-marionette" "-foreground" "-no-remote" "-profile" "C:\\Users\\Mr.Lee\\AppData\\Local\\Temp\\rust_mozprofile5LixOF"
JavaScript error: resource://gre/modules/XULStore.jsm, line 66: Error: Can't find profile directory.
console.warn: SearchSettings: "get: No settings file exists, new profile?" (new Error("", "(unknown module)"))
1618587661233	Marionette	INFO	Listening on port 21850
1618587661556	Marionette	WARN	TLS certificate errors will be ignored for this session
JavaScript error: resource://activity-stream/lib/ASRouter.jsm, line 988: NS_ERROR_ILLEGAL_VALUE: Component returned failure code: 0x80070057 (NS_ERROR_ILLEGAL_VALUE) [nsIObserverService.removeObserver]
[Child 14332, IPC I/O Child] WARNING: pipe error: 232: file /builds/worker/checkouts/gecko/ipc/chromium/src/chrome/common/ipc_channel_win.cc:545
console.error: services.settings: 
  main/fxmonitor-breaches Signature failed  TypeError: NetworkError when attempting to fetch resource.
console.error: services.settings: 
  main/partitioning-exempt-urls Signature failed  TypeError: NetworkError when attempting to fetch resource.
console.error: Region.jsm: "Error fetching region" (new TypeError("NetworkError when attempting to fetch resource.", ""))
console.error: Region.jsm: "Failed to fetch region" (new Error("NO_RESULT", "resource://gre/modules/Region.jsm", 422))
1618587663195	Marionette	INFO	Stopped listening on port 21850

###!!! [Child][RunMessage] Error: Channel closing: too late to send/recv, messages will be lost

1618587925125	mozrunner::runner	INFO	Running command: "D:\\Program Files\\firefox\\firefox.exe" "-marionette" "-foreground" "-no-remote" "-profile" "C:\\Users\\Mr.Lee\\AppData\\Local\\Temp\\rust_mozprofiles2MycA"
JavaScript error: resource://gre/modules/XULStore.jsm, line 66: Error: Can't find profile directory.
console.warn: SearchSettings: "get: No settings file exists, new profile?" (new Error("", "(unknown module)"))
1618587929764	Marionette	INFO	Listening on port 21966
1618587929878	Marionette	WARN	TLS certificate errors will be ignored for this session
1618587932317	Marionette	WARN	TimedPromise timed out after 500 ms: stacktrace:
TimedPromise/<@chrome://marionette/content/sync.js:231:19
TimedPromise@chrome://marionette/content/sync.js:216:10
interaction.flushEventLoop@chrome://marionette/content/interaction.js:433:10
webdriverClickElement@chrome://marionette/content/interaction.js:179:31
1618587933407	Marionette	WARN	TimedPromise timed out after 500 ms: stacktrace:
TimedPromise/<@chrome://marionette/content/sync.js:231:19
TimedPromise@chrome://marionette/content/sync.js:216:10
interaction.flushEventLoop@chrome://marionette/content/interaction.js:433:10
webdriverClickElement@chrome://marionette/content/interaction.js:179:31
1618587934410	Marionette	WARN	TimedPromise timed out after 500 ms: stacktrace:
TimedPromise/<@chrome://marionette/content/sync.js:231:19
TimedPromise@chrome://marionette/content/sync.js:216:10
interaction.flushEventLoop@chrome://marionette/content/interaction.js:433:10
webdriverClickElement@chrome://marionette/content/interaction.js:179:31
1618587935558	Marionette	INFO	Stopped listening on port 21966

###!!! [Child][RunMessage] Error: Channel closing: too late to send/recv, messages will be lost

1618588233747	mozrunner::runner	INFO	Running command: "D:\\Program Files\\firefox\\firefox.exe" "-marionette" "-foreground" "-no-remote" "-profile" "C:\\Users\\Mr.Lee\\AppData\\Local\\Temp\\rust_mozprofileZn6HCc"
JavaScript error: resource://gre/modules/XULStore.jsm, line 66: Error: Can't find profile directory.
console.warn: SearchSettings: "get: No settings file exists, new profile?" (new Error("", "(unknown module)"))
1618588238355	Marionette	INFO	Listening on port 1067
1618588238517	Marionette	WARN	TLS certificate errors will be ignored for this session
1618588258896	Marionette	INFO	Stopped listening on port 1067

###!!! [Child][RunMessage] Error: Channel closing: too late to send/recv, messages will be lost

1618588267823	mozrunner::runner	INFO	Running command: "D:\\Program Files\\firefox\\firefox.exe" "-marionette" "-foreground" "-no-remote" "-profile" "C:\\Users\\Mr.Lee\\AppData\\Local\\Temp\\rust_mozprofilezK9EMy"
JavaScript error: resource://gre/modules/XULStore.jsm, line 66: Error: Can't find profile directory.
console.warn: SearchSettings: "get: No settings file exists, new profile?" (new Error("", "(unknown module)"))
1618588272695	Marionette	INFO	Listening on port 1151
1618588273082	Marionette	WARN	TLS certificate errors will be ignored for this session
console.error: services.settings: 
  main/fxmonitor-breaches Signature failed  TypeError: NetworkError when attempting to fetch resource.
1618588276442	Marionette	INFO	Stopped listening on port 1151

###!!! [Child][RunMessage] Error: Channel closing: too late to send/recv, messages will be lost

1618592520043	mozrunner::runner	INFO	Running command: "D:\\Program Files\\firefox\\firefox.exe" "-marionette" "-foreground" "-no-remote" "-profile" "C:\\Users\\Mr.Lee\\AppData\\Local\\Temp\\rust_mozprofileEFTmmc"
JavaScript error: resource://gre/modules/XULStore.jsm, line 66: Error: Can't find profile directory.
console.warn: SearchSettings: "get: No settings file exists, new profile?" (new Error("", "(unknown module)"))
1618592523932	Marionette	INFO	Listening on port 1844
1618592524269	Marionette	WARN	TLS certificate errors will be ignored for this session
JavaScript error: resource://activity-stream/lib/ASRouter.jsm, line 988: NS_ERROR_ILLEGAL_VALUE: Component returned failure code: 0x80070057 (NS_ERROR_ILLEGAL_VALUE) [nsIObserverService.removeObserver]
1618592527158	Marionette	INFO	Stopped listening on port 1844

###!!! [Child][RunMessage] Error: Channel closing: too late to send/recv, messages will be lost

1619458234213	mozrunner::runner	INFO	Running command: "D:\\Program Files\\firefox\\firefox.exe" "-marionette" "-foreground" "-no-remote" "-profile" "C:\\Users\\Mr.Lee\\AppData\\Local\\Temp\\rust_mozprofile5fqwpU"
1619458235612	Marionette	INFO	Marionette enabled
JavaScript error: resource://gre/modules/XULStore.jsm, line 66: Error: Can't find profile directory.
console.warn: SearchSettings: "get: No settings file exists, new profile?" (new Error("", "(unknown module)"))
1619458238823	Marionette	INFO	Listening on port 35518
1619458239284	Marionette	WARN	TLS certificate errors will be ignored for this session
console.error: services.settings: 
  main/fxmonitor-breaches Signature failed  TypeError: NetworkError when attempting to fetch resource.
console.error: services.settings: 
  main/message-groups Signature failed  TypeError: NetworkError when attempting to fetch resource.
console.error: services.settings: 
  main/partitioning-exempt-urls Signature failed  TypeError: NetworkError when attempting to fetch resource.
[Parent 24808, IPC I/O Parent] WARNING: file /builds/worker/checkouts/gecko/ipc/chromium/src/base/process_util_win.cc:167
1619458248031	Marionette	INFO	Stopped listening on port 35518

###!!! [Child][RunMessage] Error: Channel closing: too late to send/recv, messages will be lost

